<?xml version="1.0" encoding="UTF-8"?>
<!-- Generated by org.testng.reporters.JUnitXMLReporter -->
<testsuite hostname="DISR-DEL-01" ignored="0" name="Smokes" tests="17" failures="1" timestamp="07 Feb 2019 14:27:30 GMT" time="207.58" errors="0">
  <testcase name="verifyLoginWithBlankCredentials" time="6.322" classname="Tests.LoginTests"/>
  <testcase name="VerifyLoginWithBlankUsername" time="9.634" classname="Tests.LoginTests"/>
  <testcase name="VerifyLoginWithBlankPassword" time="5.439" classname="Tests.LoginTests"/>
  <testcase name="VerifyLoginWithInvalidUsername" time="5.792" classname="Tests.LoginTests"/>
  <testcase name="VerifyLoginWithInvalidPassword" time="5.301" classname="Tests.LoginTests"/>
  <testcase name="VerifyLoginWithValidCredentials" time="7.947" classname="Tests.LoginTests"/>
  <testcase name="VerifySignUpWithMissingMandatoryFields" time="6.106" classname="Tests.LoginTests"/>
  <testcase name="VerifySignUpWithInvalidEmailId" time="6.213" classname="Tests.LoginTests"/>
  <testcase name="VerifySignUpWithAlreadyRegisteredEmailId" time="6.552" classname="Tests.LoginTests"/>
  <testcase name="VerifySignUpWithShortPasswordLength" time="6.217" classname="Tests.LoginTests"/>
  <testcase name="VerifySignUpWithInvalidPhoneNumber" time="6.192" classname="Tests.LoginTests"/>
  <testcase name="VerifySignUpWithOTPValidation" time="38.732" classname="Tests.LoginTests"/>
  <testcase name="VerifySingUpWithResendOTP" time="37.943" classname="Tests.LoginTests"/>
  <testcase name="VerifyForgetPasswordWithBlankEmailId" time="9.524" classname="Tests.LoginTests"/>
  <testcase name="VerifyForgetPasswordWithInvalidEmailId" time="9.506" classname="Tests.LoginTests"/>
  <testcase name="VerifyForgetPasswordWithValidEmailId" time="6.519" classname="Tests.LoginTests"/>
  <testcase name="VerifyForgetPasswordWithNonRegisteredEmailId" time="33.548" classname="Tests.LoginTests">
    <failure type="org.openqa.selenium.NoSuchElementException" message="no such element: Unable to locate element: {&amp;quot;method&amp;quot;:&amp;quot;xpath&amp;quot;,&amp;quot;selector&amp;quot;:&amp;quot;//*[contains(text(),&amp;apos;Please register first&amp;apos;)]&amp;quot;}
  (Session info: chrome=71.0.3578.98)
  (Driver info: chromedriver=2.45.615291 (ec3682e3c9061c10f26ea9e5cdcf3c53f3f74387),platform=Windows NT 10.0.17134 x86_64) (WARNING: The server did not provide any stacktrace information)
Command duration or timeout: 0 milliseconds
For documentation on this error, please visit: http://seleniumhq.org/exceptions/no_such_element.html
Build info: version: &amp;apos;3.14.0&amp;apos;, revision: &amp;apos;aacccce0&amp;apos;, time: &amp;apos;2018-08-02T20:19:58.91Z&amp;apos;
System info: host: &amp;apos;DISR-DEL-01&amp;apos;, ip: &amp;apos;192.168.1.4&amp;apos;, os.name: &amp;apos;Windows 10&amp;apos;, os.arch: &amp;apos;amd64&amp;apos;, os.version: &amp;apos;10.0&amp;apos;, java.version: &amp;apos;1.8.0_151&amp;apos;
Driver info: org.openqa.selenium.chrome.ChromeDriver
Capabilities {acceptInsecureCerts: false, acceptSslCerts: false, applicationCacheEnabled: false, browserConnectionEnabled: false, browserName: chrome, chrome: {chromedriverVersion: 2.45.615291 (ec3682e3c9061c..., userDataDir: C:\Users\divya\AppData\Loca...}, cssSelectorsEnabled: true, databaseEnabled: false, goog:chromeOptions: {debuggerAddress: localhost:60866}, handlesAlerts: true, hasTouchScreen: false, javascriptEnabled: true, locationContextEnabled: true, mobileEmulationEnabled: false, nativeEvents: true, networkConnectionEnabled: false, pageLoadStrategy: normal, platform: XP, platformName: XP, proxy: Proxy(), rotatable: false, setWindowRect: true, strictFileInteractability: false, takesHeapSnapshot: true, takesScreenshot: true, timeouts: {implicit: 0, pageLoad: 300000, script: 30000}, unexpectedAlertBehaviour: ignore, unhandledPromptBehavior: ignore, version: 71.0.3578.98, webStorageEnabled: true}
Session ID: c238b2ef4b4e83fc4fe509e3f67cd30e
*** Element info: {Using=xpath, value=//*[contains(text(),&amp;apos;Please register first&amp;apos;)]}">
      <![CDATA[org.openqa.selenium.NoSuchElementException: no such element: Unable to locate element: {"method":"xpath","selector":"//*[contains(text(),'Please register first')]"}
  (Session info: chrome=71.0.3578.98)
  (Driver info: chromedriver=2.45.615291 (ec3682e3c9061c10f26ea9e5cdcf3c53f3f74387),platform=Windows NT 10.0.17134 x86_64) (WARNING: The server did not provide any stacktrace information)
Command duration or timeout: 0 milliseconds
For documentation on this error, please visit: http://seleniumhq.org/exceptions/no_such_element.html
Build info: version: '3.14.0', revision: 'aacccce0', time: '2018-08-02T20:19:58.91Z'
System info: host: 'DISR-DEL-01', ip: '192.168.1.4', os.name: 'Windows 10', os.arch: 'amd64', os.version: '10.0', java.version: '1.8.0_151'
Driver info: org.openqa.selenium.chrome.ChromeDriver
Capabilities {acceptInsecureCerts: false, acceptSslCerts: false, applicationCacheEnabled: false, browserConnectionEnabled: false, browserName: chrome, chrome: {chromedriverVersion: 2.45.615291 (ec3682e3c9061c..., userDataDir: C:\Users\divya\AppData\Loca...}, cssSelectorsEnabled: true, databaseEnabled: false, goog:chromeOptions: {debuggerAddress: localhost:60866}, handlesAlerts: true, hasTouchScreen: false, javascriptEnabled: true, locationContextEnabled: true, mobileEmulationEnabled: false, nativeEvents: true, networkConnectionEnabled: false, pageLoadStrategy: normal, platform: XP, platformName: XP, proxy: Proxy(), rotatable: false, setWindowRect: true, strictFileInteractability: false, takesHeapSnapshot: true, takesScreenshot: true, timeouts: {implicit: 0, pageLoad: 300000, script: 30000}, unexpectedAlertBehaviour: ignore, unhandledPromptBehavior: ignore, version: 71.0.3578.98, webStorageEnabled: true}
Session ID: c238b2ef4b4e83fc4fe509e3f67cd30e
*** Element info: {Using=xpath, value=//*[contains(text(),'Please register first')]}
at org.openqa.selenium.remote.ErrorHandler.createThrowable(ErrorHandler.java:214)
at org.openqa.selenium.remote.ErrorHandler.throwIfResponseFailed(ErrorHandler.java:166)
at org.openqa.selenium.remote.http.JsonHttpResponseCodec.reconstructValue(JsonHttpResponseCodec.java:40)
at org.openqa.selenium.remote.http.AbstractHttpResponseCodec.decode(AbstractHttpResponseCodec.java:80)
at org.openqa.selenium.remote.http.AbstractHttpResponseCodec.decode(AbstractHttpResponseCodec.java:44)
at org.openqa.selenium.remote.HttpCommandExecutor.execute(HttpCommandExecutor.java:158)
at org.openqa.selenium.remote.service.DriverCommandExecutor.execute(DriverCommandExecutor.java:83)
at org.openqa.selenium.remote.RemoteWebDriver.execute(RemoteWebDriver.java:548)
at org.openqa.selenium.remote.RemoteWebDriver.findElement(RemoteWebDriver.java:322)
at org.openqa.selenium.remote.RemoteWebDriver.findElementByXPath(RemoteWebDriver.java:424)
at org.openqa.selenium.By$ByXPath.findElement(By.java:353)
at org.openqa.selenium.remote.RemoteWebDriver.findElement(RemoteWebDriver.java:314)
at org.openqa.selenium.support.pagefactory.DefaultElementLocator.findElement(DefaultElementLocator.java:69)
at org.openqa.selenium.support.pagefactory.internal.LocatingElementHandler.invoke(LocatingElementHandler.java:38)
at com.sun.proxy.$Proxy10.getText(Unknown Source)
at pages.LoginPage.registerfirst(LoginPage.java:144)
at Tests.LoginTests.VerifyForgetPasswordWithNonRegisteredEmailId(LoginTests.java:194)
... Removed 29 stack frames]]>
    </failure>
  </testcase> <!-- VerifyForgetPasswordWithNonRegisteredEmailId -->
</testsuite> <!-- Smokes -->
