<html>
<head>
<title>TestNG:  Smokes</title>
<link href="../testng.css" rel="stylesheet" type="text/css" />
<link href="../my-testng.css" rel="stylesheet" type="text/css" />

<style type="text/css">
.log { display: none;} 
.stack-trace { display: none;} 
</style>
<script type="text/javascript">
<!--
function flip(e) {
  current = e.style.display;
  if (current == 'block') {
    e.style.display = 'none';
    return 0;
  }
  else {
    e.style.display = 'block';
    return 1;
  }
}

function toggleBox(szDivId, elem, msg1, msg2)
{
  var res = -1;  if (document.getElementById) {
    res = flip(document.getElementById(szDivId));
  }
  else if (document.all) {
    // this is the way old msie versions work
    res = flip(document.all[szDivId]);
  }
  if(elem) {
    if(res == 0) elem.innerHTML = msg1; else elem.innerHTML = msg2;
  }

}

function toggleAllBoxes() {
  if (document.getElementsByTagName) {
    d = document.getElementsByTagName('div');
    for (i = 0; i < d.length; i++) {
      if (d[i].className == 'log') {
        flip(d[i]);
      }
    }
  }
}

// -->
</script>

</head>
<body>
<h2 align='center'>Smokes</h2><table border='1' align="center">
<tr>
<td>Tests passed/Failed/Skipped:</td><td>16/1/0</td>
</tr><tr>
<td>Started on:</td><td>Thu Feb 07 19:54:02 IST 2019</td>
</tr>
<tr><td>Total time:</td><td>207 seconds (207580 ms)</td>
</tr><tr>
<td>Included groups:</td><td></td>
</tr><tr>
<td>Excluded groups:</td><td></td>
</tr>
</table><p/>
<small><i>(Hover the method name to see the test class name)</i></small><p/>
<table width='100%' border='1' class='invocation-failed'>
<tr><td colspan='4' align='center'><b>FAILED TESTS</b></td></tr>
<tr><td><b>Test method</b></td>
<td width="30%"><b>Exception</b></td>
<td width="10%"><b>Time (seconds)</b></td>
<td><b>Instance</b></td>
</tr>
<tr>
<td title='Tests.LoginTests.VerifyForgetPasswordWithNonRegisteredEmailId()'><b>VerifyForgetPasswordWithNonRegisteredEmailId</b><br>Test class: Tests.LoginTests<br>Test method: Verifying Forget Password Button with Non Registered Email ID</td>
<td><div><pre>org.openqa.selenium.NoSuchElementException: no such element: Unable to locate element: {&quot;method&quot;:&quot;xpath&quot;,&quot;selector&quot;:&quot;//*[contains(text(),&apos;Please register first&apos;)]&quot;}
  (Session info: chrome=71.0.3578.98)
  (Driver info: chromedriver=2.45.615291 (ec3682e3c9061c10f26ea9e5cdcf3c53f3f74387),platform=Windows NT 10.0.17134 x86_64) (WARNING: The server did not provide any stacktrace information)
Command duration or timeout: 0 milliseconds
For documentation on this error, please visit: http://seleniumhq.org/exceptions/no_such_element.html
Build info: version: &apos;3.14.0&apos;, revision: &apos;aacccce0&apos;, time: &apos;2018-08-02T20:19:58.91Z&apos;
System info: host: &apos;DISR-DEL-01&apos;, ip: &apos;192.168.1.4&apos;, os.name: &apos;Windows 10&apos;, os.arch: &apos;amd64&apos;, os.version: &apos;10.0&apos;, java.version: &apos;1.8.0_151&apos;
Driver info: org.openqa.selenium.chrome.ChromeDriver
Capabilities {acceptInsecureCerts: false, acceptSslCerts: false, applicationCacheEnabled: false, browserConnectionEnabled: false, browserName: chrome, chrome: {chromedriverVersion: 2.45.615291 (ec3682e3c9061c..., userDataDir: C:\Users\divya\AppData\Loca...}, cssSelectorsEnabled: true, databaseEnabled: false, goog:chromeOptions: {debuggerAddress: localhost:60866}, handlesAlerts: true, hasTouchScreen: false, javascriptEnabled: true, locationContextEnabled: true, mobileEmulationEnabled: false, nativeEvents: true, networkConnectionEnabled: false, pageLoadStrategy: normal, platform: XP, platformName: XP, proxy: Proxy(), rotatable: false, setWindowRect: true, strictFileInteractability: false, takesHeapSnapshot: true, takesScreenshot: true, timeouts: {implicit: 0, pageLoad: 300000, script: 30000}, unexpectedAlertBehaviour: ignore, unhandledPromptBehavior: ignore, version: 71.0.3578.98, webStorageEnabled: true}
Session ID: c238b2ef4b4e83fc4fe509e3f67cd30e
*** Element info: {Using=xpath, value=//*[contains(text(),&apos;Please register first&apos;)]}
	at org.openqa.selenium.remote.ErrorHandler.createThrowable(ErrorHandler.java:214)
	at org.openqa.selenium.remote.ErrorHandler.throwIfResponseFailed(ErrorHandler.java:166)
	at org.openqa.selenium.remote.http.JsonHttpResponseCodec.reconstructValue(JsonHttpResponseCodec.java:40)
	at org.openqa.selenium.remote.http.AbstractHttpResponseCodec.decode(AbstractHttpResponseCodec.java:80)
	at org.openqa.selenium.remote.http.AbstractHttpResponseCodec.decode(AbstractHttpResponseCodec.java:44)
	at org.openqa.selenium.remote.HttpCommandExecutor.execute(HttpCommandExecutor.java:158)
	at org.openqa.selenium.remote.service.DriverCommandExecutor.execute(DriverCommandExecutor.java:83)
	at org.openqa.selenium.remote.RemoteWebDriver.execute(RemoteWebDriver.java:548)
	at org.openqa.selenium.remote.RemoteWebDriver.findElement(RemoteWebDriver.java:322)
	at org.openqa.selenium.remote.RemoteWebDriver.findElementByXPath(RemoteWebDriver.java:424)
	at org.openqa.selenium.By$ByXPath.findElement(By.java:353)
	at org.openqa.selenium.remote.RemoteWebDriver.findElement(RemoteWebDriver.java:314)
	at org.openqa.selenium.support.pagefactory.DefaultElementLocator.findElement(DefaultElementLocator.java:69)
	at org.openqa.selenium.support.pagefactory.internal.LocatingElementHandler.invoke(LocatingElementHandler.java:38)
	at com.sun.proxy.$Proxy10.getText(Unknown Source)
	at pages.LoginPage.registerfirst(LoginPage.java:144)
	at Tests.LoginTests.VerifyForgetPasswordWithNonRegisteredEmailId(LoginTests.java:194)
... Removed 29 stack frames</pre></div><a href='#' onClick='toggleBox("stack-trace409778321", this, "Click to show all stack frames", "Click to hide stack frames")'>Click to show all stack frames</a>
<div class='stack-trace' id='stack-trace409778321'><pre>org.openqa.selenium.NoSuchElementException: no such element: Unable to locate element: {&quot;method&quot;:&quot;xpath&quot;,&quot;selector&quot;:&quot;//*[contains(text(),&apos;Please register first&apos;)]&quot;}
  (Session info: chrome=71.0.3578.98)
  (Driver info: chromedriver=2.45.615291 (ec3682e3c9061c10f26ea9e5cdcf3c53f3f74387),platform=Windows NT 10.0.17134 x86_64) (WARNING: The server did not provide any stacktrace information)
Command duration or timeout: 0 milliseconds
For documentation on this error, please visit: http://seleniumhq.org/exceptions/no_such_element.html
Build info: version: &apos;3.14.0&apos;, revision: &apos;aacccce0&apos;, time: &apos;2018-08-02T20:19:58.91Z&apos;
System info: host: &apos;DISR-DEL-01&apos;, ip: &apos;192.168.1.4&apos;, os.name: &apos;Windows 10&apos;, os.arch: &apos;amd64&apos;, os.version: &apos;10.0&apos;, java.version: &apos;1.8.0_151&apos;
Driver info: org.openqa.selenium.chrome.ChromeDriver
Capabilities {acceptInsecureCerts: false, acceptSslCerts: false, applicationCacheEnabled: false, browserConnectionEnabled: false, browserName: chrome, chrome: {chromedriverVersion: 2.45.615291 (ec3682e3c9061c..., userDataDir: C:\Users\divya\AppData\Loca...}, cssSelectorsEnabled: true, databaseEnabled: false, goog:chromeOptions: {debuggerAddress: localhost:60866}, handlesAlerts: true, hasTouchScreen: false, javascriptEnabled: true, locationContextEnabled: true, mobileEmulationEnabled: false, nativeEvents: true, networkConnectionEnabled: false, pageLoadStrategy: normal, platform: XP, platformName: XP, proxy: Proxy(), rotatable: false, setWindowRect: true, strictFileInteractability: false, takesHeapSnapshot: true, takesScreenshot: true, timeouts: {implicit: 0, pageLoad: 300000, script: 30000}, unexpectedAlertBehaviour: ignore, unhandledPromptBehavior: ignore, version: 71.0.3578.98, webStorageEnabled: true}
Session ID: c238b2ef4b4e83fc4fe509e3f67cd30e
*** Element info: {Using=xpath, value=//*[contains(text(),&apos;Please register first&apos;)]}
	at sun.reflect.NativeConstructorAccessorImpl.newInstance0(Native Method)
	at sun.reflect.NativeConstructorAccessorImpl.newInstance(Unknown Source)
	at sun.reflect.DelegatingConstructorAccessorImpl.newInstance(Unknown Source)
	at java.lang.reflect.Constructor.newInstance(Unknown Source)
	at org.openqa.selenium.remote.ErrorHandler.createThrowable(ErrorHandler.java:214)
	at org.openqa.selenium.remote.ErrorHandler.throwIfResponseFailed(ErrorHandler.java:166)
	at org.openqa.selenium.remote.http.JsonHttpResponseCodec.reconstructValue(JsonHttpResponseCodec.java:40)
	at org.openqa.selenium.remote.http.AbstractHttpResponseCodec.decode(AbstractHttpResponseCodec.java:80)
	at org.openqa.selenium.remote.http.AbstractHttpResponseCodec.decode(AbstractHttpResponseCodec.java:44)
	at org.openqa.selenium.remote.HttpCommandExecutor.execute(HttpCommandExecutor.java:158)
	at org.openqa.selenium.remote.service.DriverCommandExecutor.execute(DriverCommandExecutor.java:83)
	at org.openqa.selenium.remote.RemoteWebDriver.execute(RemoteWebDriver.java:548)
	at org.openqa.selenium.remote.RemoteWebDriver.findElement(RemoteWebDriver.java:322)
	at org.openqa.selenium.remote.RemoteWebDriver.findElementByXPath(RemoteWebDriver.java:424)
	at org.openqa.selenium.By$ByXPath.findElement(By.java:353)
	at org.openqa.selenium.remote.RemoteWebDriver.findElement(RemoteWebDriver.java:314)
	at org.openqa.selenium.support.pagefactory.DefaultElementLocator.findElement(DefaultElementLocator.java:69)
	at org.openqa.selenium.support.pagefactory.internal.LocatingElementHandler.invoke(LocatingElementHandler.java:38)
	at com.sun.proxy.$Proxy10.getText(Unknown Source)
	at pages.LoginPage.registerfirst(LoginPage.java:144)
	at Tests.LoginTests.VerifyForgetPasswordWithNonRegisteredEmailId(LoginTests.java:194)
	at sun.reflect.NativeMethodAccessorImpl.invoke0(Native Method)
	at sun.reflect.NativeMethodAccessorImpl.invoke(Unknown Source)
	at sun.reflect.DelegatingMethodAccessorImpl.invoke(Unknown Source)
	at java.lang.reflect.Method.invoke(Unknown Source)
	at org.testng.internal.MethodInvocationHelper.invokeMethod(MethodInvocationHelper.java:124)
	at org.testng.internal.Invoker.invokeMethod(Invoker.java:583)
	at org.testng.internal.Invoker.invokeTestMethod(Invoker.java:719)
	at org.testng.internal.Invoker.invokeTestMethods(Invoker.java:989)
	at org.testng.internal.TestMethodWorker.invokeTestMethods(TestMethodWorker.java:125)
	at org.testng.internal.TestMethodWorker.run(TestMethodWorker.java:109)
	at org.testng.TestRunner.privateRun(TestRunner.java:648)
	at org.testng.TestRunner.run(TestRunner.java:505)
	at org.testng.SuiteRunner.runTest(SuiteRunner.java:455)
	at org.testng.SuiteRunner.runSequentially(SuiteRunner.java:450)
	at org.testng.SuiteRunner.privateRun(SuiteRunner.java:415)
	at org.testng.SuiteRunner.run(SuiteRunner.java:364)
	at org.testng.SuiteRunnerWorker.runSuite(SuiteRunnerWorker.java:52)
	at org.testng.SuiteRunnerWorker.run(SuiteRunnerWorker.java:84)
	at org.testng.TestNG.runSuitesSequentially(TestNG.java:1208)
	at org.testng.TestNG.runSuitesLocally(TestNG.java:1137)
	at org.testng.TestNG.runSuites(TestNG.java:1049)
	at org.testng.TestNG.run(TestNG.java:1017)
	at org.testng.remote.AbstractRemoteTestNG.run(AbstractRemoteTestNG.java:114)
	at org.testng.remote.RemoteTestNG.initAndRun(RemoteTestNG.java:251)
	at org.testng.remote.RemoteTestNG.main(RemoteTestNG.java:77)
</pre></div></td>
<td>33</td>
<td>Tests.LoginTests@3fee9989</td></tr>
</table><p>
<table width='100%' border='1' class='invocation-passed'>
<tr><td colspan='4' align='center'><b>PASSED TESTS</b></td></tr>
<tr><td><b>Test method</b></td>
<td width="30%"><b>Exception</b></td>
<td width="10%"><b>Time (seconds)</b></td>
<td><b>Instance</b></td>
</tr>
<tr>
<td title='Tests.LoginTests.VerifyForgetPasswordWithBlankEmailId()'><b>VerifyForgetPasswordWithBlankEmailId</b><br>Test class: Tests.LoginTests<br>Test method: Verifying Forget Password with Blank Field</td>
<td></td>
<td>9</td>
<td>Tests.LoginTests@3fee9989</td></tr>
<tr>
<td title='Tests.LoginTests.VerifyForgetPasswordWithInvalidEmailId()'><b>VerifyForgetPasswordWithInvalidEmailId</b><br>Test class: Tests.LoginTests<br>Test method: Verifying Forget Password Button with Invalid Email ID</td>
<td></td>
<td>9</td>
<td>Tests.LoginTests@3fee9989</td></tr>
<tr>
<td title='Tests.LoginTests.VerifyForgetPasswordWithValidEmailId()'><b>VerifyForgetPasswordWithValidEmailId</b><br>Test class: Tests.LoginTests<br>Test method: Verifying Forget Password Button with Valid Email ID</td>
<td></td>
<td>6</td>
<td>Tests.LoginTests@3fee9989</td></tr>
<tr>
<td title='Tests.LoginTests.VerifyLoginWithBlankPassword()'><b>VerifyLoginWithBlankPassword</b><br>Test class: Tests.LoginTests<br>Test method: Logging in Eduthrill Webapp with blank password</td>
<td></td>
<td>5</td>
<td>Tests.LoginTests@3fee9989</td></tr>
<tr>
<td title='Tests.LoginTests.VerifyLoginWithBlankUsername()'><b>VerifyLoginWithBlankUsername</b><br>Test class: Tests.LoginTests<br>Test method: Logging in Eduthrill Webapp with blank Username</td>
<td></td>
<td>9</td>
<td>Tests.LoginTests@3fee9989</td></tr>
<tr>
<td title='Tests.LoginTests.VerifyLoginWithInvalidPassword()'><b>VerifyLoginWithInvalidPassword</b><br>Test class: Tests.LoginTests<br>Test method: Logging in Eduthrill Webapp with invalid password</td>
<td></td>
<td>5</td>
<td>Tests.LoginTests@3fee9989</td></tr>
<tr>
<td title='Tests.LoginTests.VerifyLoginWithInvalidUsername()'><b>VerifyLoginWithInvalidUsername</b><br>Test class: Tests.LoginTests<br>Test method: Logging in Eduthrill Webapp with invalid username</td>
<td></td>
<td>5</td>
<td>Tests.LoginTests@3fee9989</td></tr>
<tr>
<td title='Tests.LoginTests.VerifyLoginWithValidCredentials()'><b>VerifyLoginWithValidCredentials</b><br>Test class: Tests.LoginTests<br>Test method: Logging in Eduthrill Webapp with valid credentials</td>
<td></td>
<td>7</td>
<td>Tests.LoginTests@3fee9989</td></tr>
<tr>
<td title='Tests.LoginTests.VerifySignUpWithAlreadyRegisteredEmailId()'><b>VerifySignUpWithAlreadyRegisteredEmailId</b><br>Test class: Tests.LoginTests<br>Test method: SignUp in Eduthrill Webapp with Already Registered Email id</td>
<td></td>
<td>6</td>
<td>Tests.LoginTests@3fee9989</td></tr>
<tr>
<td title='Tests.LoginTests.VerifySignUpWithInvalidEmailId()'><b>VerifySignUpWithInvalidEmailId</b><br>Test class: Tests.LoginTests<br>Test method: SignUp in Eduthrill Webapp With Invalid Email id</td>
<td></td>
<td>6</td>
<td>Tests.LoginTests@3fee9989</td></tr>
<tr>
<td title='Tests.LoginTests.VerifySignUpWithInvalidPhoneNumber()'><b>VerifySignUpWithInvalidPhoneNumber</b><br>Test class: Tests.LoginTests<br>Test method: SignUp With Invalid PhoneNumber</td>
<td></td>
<td>6</td>
<td>Tests.LoginTests@3fee9989</td></tr>
<tr>
<td title='Tests.LoginTests.VerifySignUpWithMissingMandatoryFields()'><b>VerifySignUpWithMissingMandatoryFields</b><br>Test class: Tests.LoginTests<br>Test method: SignUp in Eduthrill Webapp With Missing Mandatory Fields</td>
<td></td>
<td>6</td>
<td>Tests.LoginTests@3fee9989</td></tr>
<tr>
<td title='Tests.LoginTests.VerifySignUpWithOTPValidation()'><b>VerifySignUpWithOTPValidation</b><br>Test class: Tests.LoginTests<br>Test method: Verify Signing Up new user With OTP</td>
<td></td>
<td>38</td>
<td>Tests.LoginTests@3fee9989</td></tr>
<tr>
<td title='Tests.LoginTests.VerifySignUpWithShortPasswordLength()'><b>VerifySignUpWithShortPasswordLength</b><br>Test class: Tests.LoginTests<br>Test method: SignUp in Eduthrill Webapp With Short Password Length</td>
<td></td>
<td>6</td>
<td>Tests.LoginTests@3fee9989</td></tr>
<tr>
<td title='Tests.LoginTests.VerifySingUpWithResendOTP()'><b>VerifySingUpWithResendOTP</b><br>Test class: Tests.LoginTests<br>Test method: Verify Signing Up new user by resending OTP</td>
<td></td>
<td>37</td>
<td>Tests.LoginTests@3fee9989</td></tr>
<tr>
<td title='Tests.LoginTests.verifyLoginWithBlankCredentials()'><b>verifyLoginWithBlankCredentials</b><br>Test class: Tests.LoginTests<br>Test method: Logging in Eduthrill Webapp with blank credentials</td>
<td></td>
<td>6</td>
<td>Tests.LoginTests@3fee9989</td></tr>
</table><p>
</body>
</html>